<?xml version="1.0" encoding="UTF-8"?>
<!-- Generated by org.testng.reporters.JUnitReportReporter -->
<testsuite skipped="0" hostname="JustPC" name="com.w2a.testcases.AddCustomerTest" tests="1" failures="0" timestamp="07 Dec 2020 23:04:01 GMT" time="3.571" errors="0">
  <testcase name="addCustomer" time="3.571" classname="com.w2a.testcases.AddCustomerTest"/>
</testsuite> <!-- com.w2a.testcases.AddCustomerTest -->
