<?xml version="1.0" encoding="UTF-8"?>
<!-- Generated by org.testng.reporters.JUnitReportReporter -->
<testsuite skipped="0" hostname="JustPC" name="com.w2a.testcases.LoginTest" tests="1" failures="0" timestamp="07 Dec 2020 02:15:55 GMT" time="0.345" errors="0">
  <testcase name="loginAsBankManager" time="0.345" classname="com.w2a.testcases.LoginTest"/>
</testsuite> <!-- com.w2a.testcases.LoginTest -->
