<?xml version="1.0" encoding="UTF-8"?>
<!-- Generated by org.testng.reporters.JUnitReportReporter -->
<testsuite skipped="0" hostname="JustPC" name="com.w2a.testcases.AddCustomerTest" tests="1" failures="0" timestamp="08 Dec 2020 18:16:55 GMT" time="3.582" errors="0">
  <testcase name="addCustomer" time="3.582" classname="com.w2a.testcases.AddCustomerTest"/>
</testsuite> <!-- com.w2a.testcases.AddCustomerTest -->
