<?xml version="1.0" encoding="UTF-8"?>
<!-- Generated by org.testng.reporters.JUnitReportReporter -->
<testsuite skipped="0" hostname="JustPC" name="com.w2a.testcases.AddCustomerTest" tests="1" failures="0" timestamp="09 Dec 2020 17:15:53 GMT" time="0.570" errors="0">
  <testcase name="addCustomerTest" time="0.570" classname="com.w2a.testcases.AddCustomerTest"/>
</testsuite> <!-- com.w2a.testcases.AddCustomerTest -->
